2017-07-13 17:03:23 [-][-][-][error][yii\base\ErrorException:32] exception 'yii\base\ErrorException' with message 'Module 'pcntl' already loaded' in Unknown:0
Stack trace:
#0 {main}
2017-07-13 17:03:23 [-][-][-][info][application] $_SERVER = [
    'TERM_PROGRAM' => 'Apple_Terminal'
    'SHELL' => '/bin/bash'
    'TERM' => 'xterm-256color'
    'TMPDIR' => '/var/folders/5w/1fvkbbdx2fl60sp4fgkb30cm0000gn/T/'
    'Apple_PubSub_Socket_Render' => '/private/tmp/com.apple.launchd.S65FdPbGJ7/Render'
    'TERM_PROGRAM_VERSION' => '388.1'
    'OLDPWD' => '/Users/damen'
    'TERM_SESSION_ID' => '90CBBA02-6B22-46F2-83FC-6E6A078A38CF'
    'USER' => 'damen'
    'SSH_AUTH_SOCK' => '/private/tmp/com.apple.launchd.0J0LbR5K8y/Listeners'
    '__CF_USER_TEXT_ENCODING' => '0x1F5:0x19:0x34'
    'MAVEN_HOME' => '/usr/local/maven3'
    'PATH' => '/usr/local/bin:/usr/bin:/bin:/usr/sbin:/sbin:/usr/local/maven3/bin'
    'PWD' => '/Users/damen/work/code/hdykt'
    'LANG' => 'zh_CN.UTF-8'
    'XPC_FLAGS' => '0x0'
    'XPC_SERVICE_NAME' => '0'
    'SHLVL' => '1'
    'HOME' => '/Users/damen'
    'LOGNAME' => 'damen'
    '_' => '/usr/local/bin/php'
    'PHP_SELF' => 'yii'
    'SCRIPT_NAME' => 'yii'
    'SCRIPT_FILENAME' => 'yii'
    'PATH_TRANSLATED' => 'yii'
    'DOCUMENT_ROOT' => ''
    'REQUEST_TIME_FLOAT' => 1499936603.4739
    'REQUEST_TIME' => 1499936603
    'argv' => [
        0 => 'yii'
        1 => 'zhumu'
    ]
    'argc' => 2
]
